{"request":{"method":"create_stemcell","arguments":["/home/validator-ci/.cf-openstack-validator/stemcell/image",{"name":"bosh-openstack-kvm-ubuntu-trusty-go_agent","version":"3262.9","infrastructure":"openstack","hypervisor":"kvm","disk":3072,"disk_format":"qcow2","container_format":"bare","os_type":"linux","os_distro":"ubuntu","architecture":"x86_64","auto_disk_config":true}],"context":{"director_uuid":"validator","request_id":"333116"}},"duration":15.952004153979942}
{"request":{"method":"create_vm","arguments":["agent-id","327aaed3-019d-478e-98d7-a4ffbf073b30",{"instance_type":"m1.small"},{"default":{"type":"dynamic","cloud_properties":{"net_id":"dea3ed37-54ac-440f-9580-3cfab97f4455"}}},[],{"bosh":{}}],"context":{"director_uuid":"validator","request_id":"440905"}},"duration":47.69668699498288}
{"request":{"method":"has_vm","arguments":["585ae823-c5e7-4d2a-879e-6c41041d7c00"],"context":{"director_uuid":"validator","request_id":"442072"}},"duration":3.1757962880656123}
{"request":{"method":"create_disk","arguments":[2048,{},"585ae823-c5e7-4d2a-879e-6c41041d7c00"],"context":{"director_uuid":"validator","request_id":"460415"}},"duration":9.76784961600788}
{"request":{"method":"has_disk","arguments":["815d6238-4613-4746-9bfa-33a024485315"],"context":{"director_uuid":"validator","request_id":"291851"}},"duration":2.7761002259794623}
{"request":{"method":"attach_disk","arguments":["585ae823-c5e7-4d2a-879e-6c41041d7c00","815d6238-4613-4746-9bfa-33a024485315"],"context":{"director_uuid":"validator","request_id":"711683"}},"duration":17.73711083002854}
{"request":{"method":"detach_disk","arguments":["585ae823-c5e7-4d2a-879e-6c41041d7c00","815d6238-4613-4746-9bfa-33a024485315"],"context":{"director_uuid":"validator","request_id":"903172"}},"duration":10.681931533967145}
{"request":{"method":"snapshot_disk","arguments":["815d6238-4613-4746-9bfa-33a024485315",{}],"context":{"director_uuid":"validator","request_id":"499043"}},"duration":8.268562825978734}
{"request":{"method":"delete_snapshot","arguments":["683a7a3a-59ed-4664-b9ac-6d90d7a93a53"],"context":{"director_uuid":"validator","request_id":"748981"}},"duration":8.05206748296041}
{"request":{"method":"delete_disk","arguments":["815d6238-4613-4746-9bfa-33a024485315"],"context":{"director_uuid":"validator","request_id":"975309"}},"duration":8.960609065950848}
{"request":{"method":"delete_vm","arguments":["585ae823-c5e7-4d2a-879e-6c41041d7c00"],"context":{"director_uuid":"validator","request_id":"548106"}},"duration":10.001859965035692}
{"request":{"method":"create_vm","arguments":["agent-id","327aaed3-019d-478e-98d7-a4ffbf073b30",{"instance_type":"m1.small"},{"default":{"type":"dynamic","cloud_properties":{"net_id":"dea3ed37-54ac-440f-9580-3cfab97f4455"}},"vip":{"type":"vip","ip":"192.168.131.142"}},[],{"bosh":{}}],"context":{"director_uuid":"validator","request_id":"565035"}},"duration":28.617990975035354}
{"request":{"method":"create_vm","arguments":["agent-id","327aaed3-019d-478e-98d7-a4ffbf073b30",{"instance_type":"m1.small"},{"default":{"type":"dynamic","cloud_properties":{"net_id":"dea3ed37-54ac-440f-9580-3cfab97f4455"}}},[],{"bosh":{}}],"context":{"director_uuid":"validator","request_id":"547571"}},"duration":31.57161706604529}
{"request":{"method":"create_vm","arguments":["agent-id","327aaed3-019d-478e-98d7-a4ffbf073b30",{"instance_type":"m1.small"},{"default":{"type":"manual","ip":"10.0.1.100","cloud_properties":{"net_id":"dea3ed37-54ac-440f-9580-3cfab97f4455"}}},[],{"bosh":{}}],"context":{"director_uuid":"validator","request_id":"523651"}},"duration":41.51552606606856}
{"request":{"method":"create_disk","arguments":[30720,{}],"context":{"director_uuid":"validator","request_id":"162286"}},"duration":8.341544687049463}
{"request":{"method":"delete_disk","arguments":["26c29394-37ce-45d3-8b50-2f2e155c2166"],"context":{"director_uuid":"validator","request_id":"471961"}},"duration":8.424850589944981}
{"request":{"method":"delete_stemcell","arguments":["327aaed3-019d-478e-98d7-a4ffbf073b30"],"context":{"director_uuid":"validator","request_id":"164775"}},"duration":4.950443882960826}
{"request":{"method":"create_stemcell","arguments":["/home/validator-ci/.cf-openstack-validator/stemcell/image",{"name":"bosh-openstack-kvm-ubuntu-trusty-go_agent","version":"3262.9","infrastructure":"openstack","hypervisor":"kvm","disk":3072,"disk_format":"qcow2","container_format":"bare","os_type":"linux","os_distro":"ubuntu","architecture":"x86_64","auto_disk_config":true}],"context":{"director_uuid":"validator","request_id":"167436"}},"duration":16.137015793006867}
{"request":{"method":"create_vm","arguments":["agent-id","04549272-507c-439e-bc8d-7d928c85871f",{"instance_type":"m1.small"},{"default":{"type":"dynamic","cloud_properties":{"net_id":"dea3ed37-54ac-440f-9580-3cfab97f4455"}},"vip":{"type":"vip","ip":"192.168.131.142"}},[],{"bosh":{}}],"context":{"director_uuid":"validator","request_id":"210201"}},"duration":52.68185120099224}
{"request":{"method":"delete_vm","arguments":["ab0fdca9-38f5-479b-8302-c1fddbff13dc"],"context":{"director_uuid":"validator","request_id":"602033"}},"duration":10.43807760195341}
